[2026-05-24T09:17:44.179+0000] {taskinstance.py:1956} INFO - Dependencies all met for dep_context=non-requeueable deps ti=<TaskInstance: weather_etl_pipeline.run_weather_pipeline manual__2026-05-24T09:17:43.125557+00:00 [queued]>
[2026-05-24T09:17:44.187+0000] {taskinstance.py:1956} INFO - Dependencies all met for dep_context=requeueable deps ti=<TaskInstance: weather_etl_pipeline.run_weather_pipeline manual__2026-05-24T09:17:43.125557+00:00 [queued]>
[2026-05-24T09:17:44.188+0000] {taskinstance.py:2170} INFO - Starting attempt 1 of 2
[2026-05-24T09:17:44.209+0000] {taskinstance.py:2191} INFO - Executing <Task(PythonOperator): run_weather_pipeline> on 2026-05-24 09:17:43.125557+00:00
[2026-05-24T09:17:44.215+0000] {standard_task_runner.py:60} INFO - Started process 192 to run task
[2026-05-24T09:17:44.218+0000] {standard_task_runner.py:87} INFO - Running: ['***', 'tasks', 'run', 'weather_etl_pipeline', 'run_weather_pipeline', 'manual__2026-05-24T09:17:43.125557+00:00', '--job-id', '66', '--raw', '--subdir', 'DAGS_FOLDER/etl_dag.py', '--cfg-path', '/tmp/tmp5sty1spn']
[2026-05-24T09:17:44.219+0000] {standard_task_runner.py:88} INFO - Job 66: Subtask run_weather_pipeline
[2026-05-24T09:17:44.252+0000] {task_command.py:423} INFO - Running <TaskInstance: weather_etl_pipeline.run_weather_pipeline manual__2026-05-24T09:17:43.125557+00:00 [running]> on host 9ae3991fb317
[2026-05-24T09:17:44.301+0000] {taskinstance.py:2480} INFO - Exporting env vars: AIRFLOW_CTX_DAG_OWNER='***' AIRFLOW_CTX_DAG_ID='weather_etl_pipeline' AIRFLOW_CTX_TASK_ID='run_weather_pipeline' AIRFLOW_CTX_EXECUTION_DATE='2026-05-24T09:17:43.125557+00:00' AIRFLOW_CTX_TRY_NUMBER='1' AIRFLOW_CTX_DAG_RUN_ID='manual__2026-05-24T09:17:43.125557+00:00'
[2026-05-24T09:17:44.302+0000] {models.py:23} INFO - Starting extraction process
[2026-05-24T09:17:44.320+0000] {credentials.py:1075} INFO - Found credentials from IAM Role: s3-athena-ec2
[2026-05-24T09:17:44.425+0000] {models.py:49} ERROR - API key is Invalid
[2026-05-24T09:17:44.432+0000] {taskinstance.py:2698} ERROR - Task failed with exception
Traceback (most recent call last):
  File "/home/airflow/.local/lib/python3.8/site-packages/airflow/models/taskinstance.py", line 433, in _execute_task
    result = execute_callable(context=context, **execute_callable_kwargs)
  File "/home/airflow/.local/lib/python3.8/site-packages/airflow/operators/python.py", line 199, in execute
    return_value = self.execute_callable()
  File "/home/airflow/.local/lib/python3.8/site-packages/airflow/operators/python.py", line 216, in execute_callable
    return self.python_callable(*self.op_args, **self.op_kwargs)
  File "/opt/airflow/dags/etl_dag.py", line 40, in run_weather_pipeline
    transformed_df = transform(raw_data)
  File "/opt/airflow/weather_analysis/source/models.py", line 64, in transform
    for city in cities:
TypeError: 'bool' object is not iterable
[2026-05-24T09:17:44.444+0000] {taskinstance.py:1138} INFO - Marking task as UP_FOR_RETRY. dag_id=weather_etl_pipeline, task_id=run_weather_pipeline, execution_date=20260524T091743, start_date=20260524T091744, end_date=20260524T091744
[2026-05-24T09:17:44.455+0000] {standard_task_runner.py:107} ERROR - Failed to execute job 66 for task run_weather_pipeline ('bool' object is not iterable; 192)
[2026-05-24T09:17:44.470+0000] {local_task_job_runner.py:234} INFO - Task exited with return code 1
[2026-05-24T09:17:44.481+0000] {taskinstance.py:3280} INFO - 0 downstream tasks scheduled from follow-on schedule check
