[2026-05-21T09:16:59.387+0000] {taskinstance.py:1956} INFO - Dependencies all met for dep_context=non-requeueable deps ti=<TaskInstance: weather_etl_pipeline.extract_weather_data manual__2026-05-21T09:16:58.719623+00:00 [queued]>
[2026-05-21T09:16:59.397+0000] {taskinstance.py:1956} INFO - Dependencies all met for dep_context=requeueable deps ti=<TaskInstance: weather_etl_pipeline.extract_weather_data manual__2026-05-21T09:16:58.719623+00:00 [queued]>
[2026-05-21T09:16:59.397+0000] {taskinstance.py:2170} INFO - Starting attempt 1 of 1
[2026-05-21T09:16:59.408+0000] {taskinstance.py:2191} INFO - Executing <Task(PythonOperator): extract_weather_data> on 2026-05-21 09:16:58.719623+00:00
[2026-05-21T09:16:59.413+0000] {standard_task_runner.py:60} INFO - Started process 200 to run task
[2026-05-21T09:16:59.415+0000] {standard_task_runner.py:87} INFO - Running: ['***', 'tasks', 'run', 'weather_etl_pipeline', 'extract_weather_data', 'manual__2026-05-21T09:16:58.719623+00:00', '--job-id', '40', '--raw', '--subdir', 'DAGS_FOLDER/etl_dag.py', '--cfg-path', '/tmp/tmpxao0w_i8']
[2026-05-21T09:16:59.416+0000] {standard_task_runner.py:88} INFO - Job 40: Subtask extract_weather_data
[2026-05-21T09:16:59.446+0000] {task_command.py:423} INFO - Running <TaskInstance: weather_etl_pipeline.extract_weather_data manual__2026-05-21T09:16:58.719623+00:00 [running]> on host f6b71882e1f1
[2026-05-21T09:16:59.518+0000] {taskinstance.py:2480} INFO - Exporting env vars: AIRFLOW_CTX_DAG_OWNER='***' AIRFLOW_CTX_DAG_ID='weather_etl_pipeline' AIRFLOW_CTX_TASK_ID='extract_weather_data' AIRFLOW_CTX_EXECUTION_DATE='2026-05-21T09:16:58.719623+00:00' AIRFLOW_CTX_TRY_NUMBER='1' AIRFLOW_CTX_DAG_RUN_ID='manual__2026-05-21T09:16:58.719623+00:00'
[2026-05-21T09:16:59.519+0000] {models.py:22} INFO - Starting extraction process
[2026-05-21T09:16:59.534+0000] {credentials.py:1075} INFO - Found credentials from IAM Role: s3-athena-ec2
[2026-05-21T09:16:59.658+0000] {models.py:36} INFO - Extracting weather data for Berlin
[2026-05-21T09:17:00.077+0000] {models.py:39} INFO - Successfully uploaded data for Berlin
[2026-05-21T09:17:00.127+0000] {models.py:36} INFO - Extracting weather data for Hamburg
[2026-05-21T09:17:00.335+0000] {models.py:39} INFO - Successfully uploaded data for Hamburg
[2026-05-21T09:17:00.384+0000] {models.py:36} INFO - Extracting weather data for Munich
[2026-05-21T09:17:00.588+0000] {models.py:39} INFO - Successfully uploaded data for Munich
[2026-05-21T09:17:00.639+0000] {models.py:36} INFO - Extracting weather data for Cologne
[2026-05-21T09:17:00.851+0000] {models.py:39} INFO - Successfully uploaded data for Cologne
[2026-05-21T09:17:00.902+0000] {models.py:36} INFO - Extracting weather data for Frankfurt
[2026-05-21T09:17:01.112+0000] {models.py:39} INFO - Successfully uploaded data for Frankfurt
[2026-05-21T09:17:01.159+0000] {models.py:36} INFO - Extracting weather data for Stuttgart
[2026-05-21T09:17:01.362+0000] {models.py:39} INFO - Successfully uploaded data for Stuttgart
[2026-05-21T09:17:01.416+0000] {models.py:36} INFO - Extracting weather data for Dusseldorf
[2026-05-21T09:17:01.631+0000] {models.py:39} INFO - Successfully uploaded data for Dusseldorf
[2026-05-21T09:17:01.685+0000] {models.py:36} INFO - Extracting weather data for Leipzig
[2026-05-21T09:17:01.888+0000] {models.py:39} INFO - Successfully uploaded data for Leipzig
[2026-05-21T09:17:01.937+0000] {models.py:36} INFO - Extracting weather data for Dortmund
[2026-05-21T09:17:02.139+0000] {models.py:39} INFO - Successfully uploaded data for Dortmund
[2026-05-21T09:17:02.192+0000] {models.py:36} INFO - Extracting weather data for Essen
[2026-05-21T09:17:02.396+0000] {models.py:39} INFO - Successfully uploaded data for Essen
[2026-05-21T09:17:02.448+0000] {models.py:36} INFO - Extracting weather data for Bremen
[2026-05-21T09:17:02.650+0000] {models.py:39} INFO - Successfully uploaded data for Bremen
[2026-05-21T09:17:02.701+0000] {models.py:36} INFO - Extracting weather data for Dresden
[2026-05-21T09:17:02.902+0000] {models.py:39} INFO - Successfully uploaded data for Dresden
[2026-05-21T09:17:02.968+0000] {models.py:36} INFO - Extracting weather data for Hannover
[2026-05-21T09:17:03.173+0000] {models.py:39} INFO - Successfully uploaded data for Hannover
[2026-05-21T09:17:03.236+0000] {models.py:36} INFO - Extracting weather data for Nuremberg
[2026-05-21T09:17:03.438+0000] {models.py:39} INFO - Successfully uploaded data for Nuremberg
[2026-05-21T09:17:03.490+0000] {models.py:36} INFO - Extracting weather data for Duisburg
[2026-05-21T09:17:03.693+0000] {models.py:39} INFO - Successfully uploaded data for Duisburg
[2026-05-21T09:17:03.740+0000] {models.py:36} INFO - Extracting weather data for Bochum
[2026-05-21T09:17:03.947+0000] {models.py:39} INFO - Successfully uploaded data for Bochum
[2026-05-21T09:17:04.004+0000] {models.py:36} INFO - Extracting weather data for Wuppertal
[2026-05-21T09:17:04.205+0000] {models.py:39} INFO - Successfully uploaded data for Wuppertal
[2026-05-21T09:17:04.253+0000] {models.py:36} INFO - Extracting weather data for Bielefeld
[2026-05-21T09:17:04.456+0000] {models.py:39} INFO - Successfully uploaded data for Bielefeld
[2026-05-21T09:17:04.509+0000] {models.py:36} INFO - Extracting weather data for Bonn
[2026-05-21T09:17:04.709+0000] {models.py:39} INFO - Successfully uploaded data for Bonn
[2026-05-21T09:17:04.765+0000] {models.py:36} INFO - Extracting weather data for Munster
[2026-05-21T09:17:04.973+0000] {models.py:39} INFO - Successfully uploaded data for Munster
[2026-05-21T09:17:05.043+0000] {models.py:36} INFO - Extracting weather data for Karlsruhe
[2026-05-21T09:17:05.246+0000] {models.py:39} INFO - Successfully uploaded data for Karlsruhe
[2026-05-21T09:17:05.299+0000] {models.py:36} INFO - Extracting weather data for Mannheim
[2026-05-21T09:17:05.502+0000] {models.py:39} INFO - Successfully uploaded data for Mannheim
[2026-05-21T09:17:05.551+0000] {models.py:36} INFO - Extracting weather data for Augsburg
[2026-05-21T09:17:05.784+0000] {models.py:39} INFO - Successfully uploaded data for Augsburg
[2026-05-21T09:17:05.844+0000] {models.py:36} INFO - Extracting weather data for Wiesbaden
[2026-05-21T09:17:06.045+0000] {models.py:39} INFO - Successfully uploaded data for Wiesbaden
[2026-05-21T09:17:06.097+0000] {models.py:36} INFO - Extracting weather data for Gelsenkirchen
[2026-05-21T09:17:06.352+0000] {models.py:39} INFO - Successfully uploaded data for Gelsenkirchen
[2026-05-21T09:17:06.403+0000] {models.py:36} INFO - Extracting weather data for Aachen
[2026-05-21T09:17:06.607+0000] {models.py:39} INFO - Successfully uploaded data for Aachen
[2026-05-21T09:17:06.670+0000] {models.py:36} INFO - Extracting weather data for Braunschweig
[2026-05-21T09:17:06.870+0000] {models.py:39} INFO - Successfully uploaded data for Braunschweig
[2026-05-21T09:17:06.935+0000] {models.py:36} INFO - Extracting weather data for Kiel
[2026-05-21T09:17:07.135+0000] {models.py:39} INFO - Successfully uploaded data for Kiel
[2026-05-21T09:17:07.190+0000] {models.py:36} INFO - Extracting weather data for Magdeburg
[2026-05-21T09:17:07.395+0000] {models.py:39} INFO - Successfully uploaded data for Magdeburg
[2026-05-21T09:17:07.450+0000] {models.py:36} INFO - Extracting weather data for Freiburg
[2026-05-21T09:17:07.650+0000] {models.py:39} INFO - Successfully uploaded data for Freiburg
[2026-05-21T09:17:07.709+0000] {models.py:36} INFO - Extracting weather data for Lubeck
[2026-05-21T09:17:07.909+0000] {models.py:39} INFO - Successfully uploaded data for Lubeck
[2026-05-21T09:17:07.964+0000] {models.py:36} INFO - Extracting weather data for Rostock
[2026-05-21T09:17:08.169+0000] {models.py:39} INFO - Successfully uploaded data for Rostock
[2026-05-21T09:17:08.225+0000] {models.py:36} INFO - Extracting weather data for Mainz
[2026-05-21T09:17:08.448+0000] {models.py:39} INFO - Successfully uploaded data for Mainz
[2026-05-21T09:17:08.503+0000] {models.py:36} INFO - Extracting weather data for Saarbrucken
[2026-05-21T09:17:08.706+0000] {models.py:39} INFO - Successfully uploaded data for Saarbrucken
[2026-05-21T09:17:08.765+0000] {models.py:36} INFO - Extracting weather data for Potsdam
[2026-05-21T09:17:08.968+0000] {models.py:39} INFO - Successfully uploaded data for Potsdam
[2026-05-21T09:17:09.037+0000] {models.py:36} INFO - Extracting weather data for Koblenz
[2026-05-21T09:17:09.239+0000] {models.py:39} INFO - Successfully uploaded data for Koblenz
[2026-05-21T09:17:09.286+0000] {models.py:36} INFO - Extracting weather data for Trier
[2026-05-21T09:17:09.487+0000] {models.py:39} INFO - Successfully uploaded data for Trier
[2026-05-21T09:17:09.545+0000] {models.py:36} INFO - Extracting weather data for Erfurt
[2026-05-21T09:17:09.747+0000] {models.py:39} INFO - Successfully uploaded data for Erfurt
[2026-05-21T09:17:09.800+0000] {models.py:36} INFO - Extracting weather data for Regensburg
[2026-05-21T09:17:10.006+0000] {models.py:39} INFO - Successfully uploaded data for Regensburg
[2026-05-21T09:17:10.092+0000] {models.py:36} INFO - Extracting weather data for Heidelberg
[2026-05-21T09:17:10.295+0000] {models.py:39} INFO - Successfully uploaded data for Heidelberg
[2026-05-21T09:17:10.295+0000] {models.py:55} INFO - Extraction process completed
[2026-05-21T09:17:10.297+0000] {python.py:201} INFO - Done. Returned value was: None
[2026-05-21T09:17:10.304+0000] {taskinstance.py:1138} INFO - Marking task as SUCCESS. dag_id=weather_etl_pipeline, task_id=extract_weather_data, execution_date=20260521T091658, start_date=20260521T091659, end_date=20260521T091710
[2026-05-21T09:17:10.355+0000] {local_task_job_runner.py:234} INFO - Task exited with return code 0
[2026-05-21T09:17:10.371+0000] {taskinstance.py:3280} INFO - 1 downstream tasks scheduled from follow-on schedule check
