[2026-05-24T09:20:13.711+0000] {taskinstance.py:1956} INFO - Dependencies all met for dep_context=non-requeueable deps ti=<TaskInstance: weather_etl_pipeline.run_weather_pipeline manual__2026-05-24T09:20:12.330416+00:00 [queued]>
[2026-05-24T09:20:13.716+0000] {taskinstance.py:1956} INFO - Dependencies all met for dep_context=requeueable deps ti=<TaskInstance: weather_etl_pipeline.run_weather_pipeline manual__2026-05-24T09:20:12.330416+00:00 [queued]>
[2026-05-24T09:20:13.717+0000] {taskinstance.py:2170} INFO - Starting attempt 1 of 2
[2026-05-24T09:20:13.724+0000] {taskinstance.py:2191} INFO - Executing <Task(PythonOperator): run_weather_pipeline> on 2026-05-24 09:20:12.330416+00:00
[2026-05-24T09:20:13.729+0000] {standard_task_runner.py:60} INFO - Started process 189 to run task
[2026-05-24T09:20:13.731+0000] {standard_task_runner.py:87} INFO - Running: ['***', 'tasks', 'run', 'weather_etl_pipeline', 'run_weather_pipeline', 'manual__2026-05-24T09:20:12.330416+00:00', '--job-id', '68', '--raw', '--subdir', 'DAGS_FOLDER/etl_dag.py', '--cfg-path', '/tmp/tmpopqd0q5t']
[2026-05-24T09:20:13.733+0000] {standard_task_runner.py:88} INFO - Job 68: Subtask run_weather_pipeline
[2026-05-24T09:20:13.760+0000] {task_command.py:423} INFO - Running <TaskInstance: weather_etl_pipeline.run_weather_pipeline manual__2026-05-24T09:20:12.330416+00:00 [running]> on host c9ef0e0bbca0
[2026-05-24T09:20:13.825+0000] {taskinstance.py:2480} INFO - Exporting env vars: AIRFLOW_CTX_DAG_OWNER='***' AIRFLOW_CTX_DAG_ID='weather_etl_pipeline' AIRFLOW_CTX_TASK_ID='run_weather_pipeline' AIRFLOW_CTX_EXECUTION_DATE='2026-05-24T09:20:12.330416+00:00' AIRFLOW_CTX_TRY_NUMBER='1' AIRFLOW_CTX_DAG_RUN_ID='manual__2026-05-24T09:20:12.330416+00:00'
[2026-05-24T09:20:13.826+0000] {models.py:23} INFO - Starting extraction process
[2026-05-24T09:20:13.843+0000] {credentials.py:1075} INFO - Found credentials from IAM Role: s3-athena-ec2
[2026-05-24T09:20:13.951+0000] {models.py:49} ERROR - API key is Invalid
[2026-05-24T09:20:18.951+0000] {taskinstance.py:2698} ERROR - Task failed with exception
Traceback (most recent call last):
  File "/home/airflow/.local/lib/python3.8/site-packages/airflow/models/taskinstance.py", line 433, in _execute_task
    result = execute_callable(context=context, **execute_callable_kwargs)
  File "/home/airflow/.local/lib/python3.8/site-packages/airflow/operators/python.py", line 199, in execute
    return_value = self.execute_callable()
  File "/home/airflow/.local/lib/python3.8/site-packages/airflow/operators/python.py", line 216, in execute_callable
    return self.python_callable(*self.op_args, **self.op_kwargs)
  File "/opt/airflow/dags/etl_dag.py", line 43, in run_weather_pipeline
    load(transformed_df)
  File "/opt/airflow/weather_analysis/source/models.py", line 87, in load
    wr.s3.to_parquet(
  File "/home/airflow/.local/lib/python3.8/site-packages/awswrangler/_config.py", line 712, in wrapper
    return function(**args)
  File "/home/airflow/.local/lib/python3.8/site-packages/awswrangler/_utils.py", line 179, in inner
    return func(*args, **kwargs)
  File "/home/airflow/.local/lib/python3.8/site-packages/awswrangler/s3/_write_parquet.py", line 723, in to_parquet
    return strategy.write(
  File "/home/airflow/.local/lib/python3.8/site-packages/awswrangler/s3/_write.py", line 298, in write
    catalog_table_input = catalog._get_table_input(
  File "/home/airflow/.local/lib/python3.8/site-packages/awswrangler/catalog/_get.py", line 30, in _get_table_input
    client_glue = _utils.client("glue", session=boto3_session)
  File "/home/airflow/.local/lib/python3.8/site-packages/awswrangler/_config.py", line 712, in wrapper
    return function(**args)
  File "/home/airflow/.local/lib/python3.8/site-packages/awswrangler/_utils.py", line 480, in client
    return ensure_session(session=session).client(
  File "/home/airflow/.local/lib/python3.8/site-packages/boto3/session.py", line 299, in client
    return self._session.create_client(
  File "/home/airflow/.local/lib/python3.8/site-packages/botocore/session.py", line 997, in create_client
    client = client_creator.create_client(
  File "/home/airflow/.local/lib/python3.8/site-packages/botocore/client.py", line 161, in create_client
    client_args = self._get_client_args(
  File "/home/airflow/.local/lib/python3.8/site-packages/botocore/client.py", line 508, in _get_client_args
    return args_creator.get_client_args(
  File "/home/airflow/.local/lib/python3.8/site-packages/botocore/args.py", line 100, in get_client_args
    final_args = self.compute_client_args(
  File "/home/airflow/.local/lib/python3.8/site-packages/botocore/args.py", line 219, in compute_client_args
    endpoint_config = self._compute_endpoint_config(
  File "/home/airflow/.local/lib/python3.8/site-packages/botocore/args.py", line 369, in _compute_endpoint_config
    return self._resolve_endpoint(**resolve_endpoint_kwargs)
  File "/home/airflow/.local/lib/python3.8/site-packages/botocore/args.py", line 474, in _resolve_endpoint
    return endpoint_bridge.resolve(
  File "/home/airflow/.local/lib/python3.8/site-packages/botocore/client.py", line 613, in resolve
    resolved = self.endpoint_resolver.construct_endpoint(
  File "/home/airflow/.local/lib/python3.8/site-packages/botocore/regions.py", line 229, in construct_endpoint
    result = self._endpoint_for_partition(
  File "/home/airflow/.local/lib/python3.8/site-packages/botocore/regions.py", line 277, in _endpoint_for_partition
    raise NoRegionError()
botocore.exceptions.NoRegionError: You must specify a region.
[2026-05-24T09:20:18.958+0000] {taskinstance.py:1138} INFO - Marking task as UP_FOR_RETRY. dag_id=weather_etl_pipeline, task_id=run_weather_pipeline, execution_date=20260524T092012, start_date=20260524T092013, end_date=20260524T092018
[2026-05-24T09:20:18.972+0000] {standard_task_runner.py:107} ERROR - Failed to execute job 68 for task run_weather_pipeline (You must specify a region.; 189)
[2026-05-24T09:20:18.991+0000] {local_task_job_runner.py:234} INFO - Task exited with return code 1
[2026-05-24T09:20:19.001+0000] {taskinstance.py:3280} INFO - 0 downstream tasks scheduled from follow-on schedule check
