[2026-05-21T09:17:18.697+0000] {taskinstance.py:1956} INFO - Dependencies all met for dep_context=non-requeueable deps ti=<TaskInstance: weather_etl_pipeline.load_weather_data manual__2026-05-21T09:16:58.719623+00:00 [queued]>
[2026-05-21T09:17:18.704+0000] {taskinstance.py:1956} INFO - Dependencies all met for dep_context=requeueable deps ti=<TaskInstance: weather_etl_pipeline.load_weather_data manual__2026-05-21T09:16:58.719623+00:00 [queued]>
[2026-05-21T09:17:18.705+0000] {taskinstance.py:2170} INFO - Starting attempt 1 of 1
[2026-05-21T09:17:18.715+0000] {taskinstance.py:2191} INFO - Executing <Task(PythonOperator): load_weather_data> on 2026-05-21 09:16:58.719623+00:00
[2026-05-21T09:17:18.722+0000] {standard_task_runner.py:60} INFO - Started process 212 to run task
[2026-05-21T09:17:18.726+0000] {standard_task_runner.py:87} INFO - Running: ['***', 'tasks', 'run', 'weather_etl_pipeline', 'load_weather_data', 'manual__2026-05-21T09:16:58.719623+00:00', '--job-id', '42', '--raw', '--subdir', 'DAGS_FOLDER/etl_dag.py', '--cfg-path', '/tmp/tmp0krlcps5']
[2026-05-21T09:17:18.727+0000] {standard_task_runner.py:88} INFO - Job 42: Subtask load_weather_data
[2026-05-21T09:17:18.758+0000] {task_command.py:423} INFO - Running <TaskInstance: weather_etl_pipeline.load_weather_data manual__2026-05-21T09:16:58.719623+00:00 [running]> on host f6b71882e1f1
[2026-05-21T09:17:18.805+0000] {taskinstance.py:2480} INFO - Exporting env vars: AIRFLOW_CTX_DAG_OWNER='***' AIRFLOW_CTX_DAG_ID='weather_etl_pipeline' AIRFLOW_CTX_TASK_ID='load_weather_data' AIRFLOW_CTX_EXECUTION_DATE='2026-05-21T09:16:58.719623+00:00' AIRFLOW_CTX_TRY_NUMBER='1' AIRFLOW_CTX_DAG_RUN_ID='manual__2026-05-21T09:16:58.719623+00:00'
[2026-05-21T09:17:18.891+0000] {credentials.py:550} INFO - Found credentials from IAM Role: s3-athena-ec2
[2026-05-21T09:17:20.576+0000] {credentials.py:1075} INFO - Found credentials from IAM Role: s3-athena-ec2
[2026-05-21T09:17:21.020+0000] {models.py:127} INFO - Running query: 2b215705-f59f-49fa-8f89-0353457b327e
[2026-05-21T09:17:21.126+0000] {models.py:156} INFO - Query still running...
[2026-05-21T09:17:23.236+0000] {models.py:142} INFO - Query succeeded
[2026-05-21T09:17:23.389+0000] {models.py:127} INFO - Running query: a15a5fcc-3f29-442b-9077-745627757886
[2026-05-21T09:17:23.492+0000] {models.py:156} INFO - Query still running...
[2026-05-21T09:17:25.600+0000] {models.py:142} INFO - Query succeeded
[2026-05-21T09:17:25.758+0000] {models.py:127} INFO - Running query: 77ac9d11-828a-4205-8776-cca918c6bddc
[2026-05-21T09:17:25.864+0000] {models.py:156} INFO - Query still running...
[2026-05-21T09:17:27.974+0000] {models.py:142} INFO - Query succeeded
[2026-05-21T09:17:27.974+0000] {models.py:159} INFO - Successfully loaded data into Athena
[2026-05-21T09:17:27.975+0000] {python.py:201} INFO - Done. Returned value was: None
[2026-05-21T09:17:27.982+0000] {taskinstance.py:1138} INFO - Marking task as SUCCESS. dag_id=weather_etl_pipeline, task_id=load_weather_data, execution_date=20260521T091658, start_date=20260521T091718, end_date=20260521T091727
[2026-05-21T09:17:28.003+0000] {local_task_job_runner.py:234} INFO - Task exited with return code 0
[2026-05-21T09:17:28.013+0000] {taskinstance.py:3280} INFO - 0 downstream tasks scheduled from follow-on schedule check
