[2026-05-21T08:57:22.775+0000] {taskinstance.py:1956} INFO - Dependencies all met for dep_context=non-requeueable deps ti=<TaskInstance: weather_etl_pipeline.load_weather_data manual__2026-05-21T08:57:01.906910+00:00 [queued]>
[2026-05-21T08:57:22.781+0000] {taskinstance.py:1956} INFO - Dependencies all met for dep_context=requeueable deps ti=<TaskInstance: weather_etl_pipeline.load_weather_data manual__2026-05-21T08:57:01.906910+00:00 [queued]>
[2026-05-21T08:57:22.782+0000] {taskinstance.py:2170} INFO - Starting attempt 1 of 1
[2026-05-21T08:57:22.789+0000] {taskinstance.py:2191} INFO - Executing <Task(PythonOperator): load_weather_data> on 2026-05-21 08:57:01.906910+00:00
[2026-05-21T08:57:22.794+0000] {standard_task_runner.py:60} INFO - Started process 202 to run task
[2026-05-21T08:57:22.796+0000] {standard_task_runner.py:87} INFO - Running: ['***', 'tasks', 'run', 'weather_etl_pipeline', 'load_weather_data', 'manual__2026-05-21T08:57:01.906910+00:00', '--job-id', '35', '--raw', '--subdir', 'DAGS_FOLDER/etl_dag.py', '--cfg-path', '/tmp/tmp8i7mxhi4']
[2026-05-21T08:57:22.798+0000] {standard_task_runner.py:88} INFO - Job 35: Subtask load_weather_data
[2026-05-21T08:57:22.825+0000] {task_command.py:423} INFO - Running <TaskInstance: weather_etl_pipeline.load_weather_data manual__2026-05-21T08:57:01.906910+00:00 [running]> on host bd2180062a98
[2026-05-21T08:57:22.873+0000] {taskinstance.py:2480} INFO - Exporting env vars: AIRFLOW_CTX_DAG_OWNER='***' AIRFLOW_CTX_DAG_ID='weather_etl_pipeline' AIRFLOW_CTX_TASK_ID='load_weather_data' AIRFLOW_CTX_EXECUTION_DATE='2026-05-21T08:57:01.906910+00:00' AIRFLOW_CTX_TRY_NUMBER='1' AIRFLOW_CTX_DAG_RUN_ID='manual__2026-05-21T08:57:01.906910+00:00'
[2026-05-21T08:57:22.961+0000] {credentials.py:550} INFO - Found credentials from IAM Role: s3-athena-ec2
[2026-05-21T08:57:24.623+0000] {credentials.py:1075} INFO - Found credentials from IAM Role: s3-athena-ec2
[2026-05-21T08:57:25.081+0000] {models.py:127} INFO - Running query: 77dc1b5e-d23b-48ae-97cc-7b62fe5a9fa1
[2026-05-21T08:57:25.189+0000] {models.py:156} INFO - Query still running...
[2026-05-21T08:57:27.301+0000] {models.py:142} INFO - Query succeeded
[2026-05-21T08:57:27.520+0000] {models.py:127} INFO - Running query: 46d44686-9292-484b-9b60-73252b570a04
[2026-05-21T08:57:27.627+0000] {models.py:156} INFO - Query still running...
[2026-05-21T08:57:29.735+0000] {models.py:142} INFO - Query succeeded
[2026-05-21T08:57:29.883+0000] {models.py:127} INFO - Running query: b4927e59-9489-4ae1-8737-62556d8171a8
[2026-05-21T08:57:29.985+0000] {models.py:156} INFO - Query still running...
[2026-05-21T08:57:32.090+0000] {models.py:142} INFO - Query succeeded
[2026-05-21T08:57:32.090+0000] {models.py:159} INFO - Successfully loaded data into Athena
[2026-05-21T08:57:32.091+0000] {python.py:201} INFO - Done. Returned value was: None
[2026-05-21T08:57:32.098+0000] {taskinstance.py:1138} INFO - Marking task as SUCCESS. dag_id=weather_etl_pipeline, task_id=load_weather_data, execution_date=20260521T085701, start_date=20260521T085722, end_date=20260521T085732
[2026-05-21T08:57:32.152+0000] {local_task_job_runner.py:234} INFO - Task exited with return code 0
[2026-05-21T08:57:32.162+0000] {taskinstance.py:3280} INFO - 0 downstream tasks scheduled from follow-on schedule check
