[2026-05-24T09:17:15.485+0000] {taskinstance.py:1956} INFO - Dependencies all met for dep_context=non-requeueable deps ti=<TaskInstance: weather_etl_pipeline.run_weather_pipeline scheduled__2026-05-23T00:00:00+00:00 [queued]>
[2026-05-24T09:17:15.493+0000] {taskinstance.py:1956} INFO - Dependencies all met for dep_context=requeueable deps ti=<TaskInstance: weather_etl_pipeline.run_weather_pipeline scheduled__2026-05-23T00:00:00+00:00 [queued]>
[2026-05-24T09:17:15.493+0000] {taskinstance.py:2170} INFO - Starting attempt 2 of 2
[2026-05-24T09:17:15.507+0000] {taskinstance.py:2191} INFO - Executing <Task(PythonOperator): run_weather_pipeline> on 2026-05-23 00:00:00+00:00
[2026-05-24T09:17:15.513+0000] {standard_task_runner.py:60} INFO - Started process 189 to run task
[2026-05-24T09:17:15.515+0000] {standard_task_runner.py:87} INFO - Running: ['***', 'tasks', 'run', 'weather_etl_pipeline', 'run_weather_pipeline', 'scheduled__2026-05-23T00:00:00+00:00', '--job-id', '65', '--raw', '--subdir', 'DAGS_FOLDER/etl_dag.py', '--cfg-path', '/tmp/tmpdq7cn65n']
[2026-05-24T09:17:15.517+0000] {standard_task_runner.py:88} INFO - Job 65: Subtask run_weather_pipeline
[2026-05-24T09:17:15.555+0000] {task_command.py:423} INFO - Running <TaskInstance: weather_etl_pipeline.run_weather_pipeline scheduled__2026-05-23T00:00:00+00:00 [running]> on host 9ae3991fb317
[2026-05-24T09:17:15.624+0000] {taskinstance.py:2480} INFO - Exporting env vars: AIRFLOW_CTX_DAG_OWNER='***' AIRFLOW_CTX_DAG_ID='weather_etl_pipeline' AIRFLOW_CTX_TASK_ID='run_weather_pipeline' AIRFLOW_CTX_EXECUTION_DATE='2026-05-23T00:00:00+00:00' AIRFLOW_CTX_TRY_NUMBER='2' AIRFLOW_CTX_DAG_RUN_ID='scheduled__2026-05-23T00:00:00+00:00'
[2026-05-24T09:17:15.625+0000] {models.py:23} INFO - Starting extraction process
[2026-05-24T09:17:15.649+0000] {credentials.py:1075} INFO - Found credentials from IAM Role: s3-athena-ec2
[2026-05-24T09:17:15.789+0000] {models.py:49} ERROR - API key is Invalid
[2026-05-24T09:17:15.797+0000] {taskinstance.py:2698} ERROR - Task failed with exception
Traceback (most recent call last):
  File "/home/airflow/.local/lib/python3.8/site-packages/airflow/models/taskinstance.py", line 433, in _execute_task
    result = execute_callable(context=context, **execute_callable_kwargs)
  File "/home/airflow/.local/lib/python3.8/site-packages/airflow/operators/python.py", line 199, in execute
    return_value = self.execute_callable()
  File "/home/airflow/.local/lib/python3.8/site-packages/airflow/operators/python.py", line 216, in execute_callable
    return self.python_callable(*self.op_args, **self.op_kwargs)
  File "/opt/airflow/dags/etl_dag.py", line 40, in run_weather_pipeline
    transformed_df = transform(raw_data)
  File "/opt/airflow/weather_analysis/source/models.py", line 64, in transform
    for city in cities:
TypeError: 'bool' object is not iterable
[2026-05-24T09:17:15.805+0000] {taskinstance.py:1138} INFO - Marking task as FAILED. dag_id=weather_etl_pipeline, task_id=run_weather_pipeline, execution_date=20260523T000000, start_date=20260524T091715, end_date=20260524T091715
[2026-05-24T09:17:15.825+0000] {standard_task_runner.py:107} ERROR - Failed to execute job 65 for task run_weather_pipeline ('bool' object is not iterable; 189)
[2026-05-24T09:17:15.855+0000] {local_task_job_runner.py:234} INFO - Task exited with return code 1
[2026-05-24T09:17:15.870+0000] {taskinstance.py:3280} INFO - 0 downstream tasks scheduled from follow-on schedule check
