[2026-05-24T09:48:05.486+0000] {taskinstance.py:1956} INFO - Dependencies all met for dep_context=non-requeueable deps ti=<TaskInstance: weather_etl_pipeline.run_weather_pipeline manual__2026-05-24T09:48:04.684097+00:00 [queued]>
[2026-05-24T09:48:05.491+0000] {taskinstance.py:1956} INFO - Dependencies all met for dep_context=requeueable deps ti=<TaskInstance: weather_etl_pipeline.run_weather_pipeline manual__2026-05-24T09:48:04.684097+00:00 [queued]>
[2026-05-24T09:48:05.491+0000] {taskinstance.py:2170} INFO - Starting attempt 1 of 2
[2026-05-24T09:48:05.500+0000] {taskinstance.py:2191} INFO - Executing <Task(PythonOperator): run_weather_pipeline> on 2026-05-24 09:48:04.684097+00:00
[2026-05-24T09:48:05.505+0000] {standard_task_runner.py:60} INFO - Started process 189 to run task
[2026-05-24T09:48:05.507+0000] {standard_task_runner.py:87} INFO - Running: ['***', 'tasks', 'run', 'weather_etl_pipeline', 'run_weather_pipeline', 'manual__2026-05-24T09:48:04.684097+00:00', '--job-id', '78', '--raw', '--subdir', 'DAGS_FOLDER/etl_dag.py', '--cfg-path', '/tmp/tmpoxb5cg8w']
[2026-05-24T09:48:05.508+0000] {standard_task_runner.py:88} INFO - Job 78: Subtask run_weather_pipeline
[2026-05-24T09:48:05.536+0000] {task_command.py:423} INFO - Running <TaskInstance: weather_etl_pipeline.run_weather_pipeline manual__2026-05-24T09:48:04.684097+00:00 [running]> on host bc2b3fbab728
[2026-05-24T09:48:05.598+0000] {taskinstance.py:2480} INFO - Exporting env vars: AIRFLOW_CTX_DAG_OWNER='***' AIRFLOW_CTX_DAG_ID='weather_etl_pipeline' AIRFLOW_CTX_TASK_ID='run_weather_pipeline' AIRFLOW_CTX_EXECUTION_DATE='2026-05-24T09:48:04.684097+00:00' AIRFLOW_CTX_TRY_NUMBER='1' AIRFLOW_CTX_DAG_RUN_ID='manual__2026-05-24T09:48:04.684097+00:00'
[2026-05-24T09:48:05.599+0000] {models.py:29} INFO - Starting extraction process
[2026-05-24T09:48:05.622+0000] {credentials.py:1075} INFO - Found credentials from IAM Role: s3-athena-ec2
[2026-05-24T09:48:05.741+0000] {models.py:43} INFO - Extracting weather data for Berlin
[2026-05-24T09:48:06.173+0000] {models.py:46} INFO - Successfully uploaded data for Berlin
[2026-05-24T09:48:06.220+0000] {models.py:43} INFO - Extracting weather data for Hamburg
[2026-05-24T09:48:06.423+0000] {models.py:46} INFO - Successfully uploaded data for Hamburg
[2026-05-24T09:48:06.473+0000] {models.py:43} INFO - Extracting weather data for Munich
[2026-05-24T09:48:06.676+0000] {models.py:46} INFO - Successfully uploaded data for Munich
[2026-05-24T09:48:06.725+0000] {models.py:43} INFO - Extracting weather data for Cologne
[2026-05-24T09:48:06.929+0000] {models.py:46} INFO - Successfully uploaded data for Cologne
[2026-05-24T09:48:06.992+0000] {models.py:43} INFO - Extracting weather data for Frankfurt
[2026-05-24T09:48:07.194+0000] {models.py:46} INFO - Successfully uploaded data for Frankfurt
[2026-05-24T09:48:07.258+0000] {models.py:43} INFO - Extracting weather data for Stuttgart
[2026-05-24T09:48:07.458+0000] {models.py:46} INFO - Successfully uploaded data for Stuttgart
[2026-05-24T09:48:07.526+0000] {models.py:43} INFO - Extracting weather data for Dusseldorf
[2026-05-24T09:48:07.733+0000] {models.py:46} INFO - Successfully uploaded data for Dusseldorf
[2026-05-24T09:48:07.784+0000] {models.py:43} INFO - Extracting weather data for Leipzig
[2026-05-24T09:48:07.989+0000] {models.py:46} INFO - Successfully uploaded data for Leipzig
[2026-05-24T09:48:08.045+0000] {models.py:43} INFO - Extracting weather data for Dortmund
[2026-05-24T09:48:08.248+0000] {models.py:46} INFO - Successfully uploaded data for Dortmund
[2026-05-24T09:48:08.306+0000] {models.py:43} INFO - Extracting weather data for Essen
[2026-05-24T09:48:08.515+0000] {models.py:46} INFO - Successfully uploaded data for Essen
[2026-05-24T09:48:08.566+0000] {models.py:43} INFO - Extracting weather data for Bremen
[2026-05-24T09:48:08.768+0000] {models.py:46} INFO - Successfully uploaded data for Bremen
[2026-05-24T09:48:08.824+0000] {models.py:43} INFO - Extracting weather data for Dresden
[2026-05-24T09:48:09.028+0000] {models.py:46} INFO - Successfully uploaded data for Dresden
[2026-05-24T09:48:09.083+0000] {models.py:43} INFO - Extracting weather data for Hannover
[2026-05-24T09:48:09.286+0000] {models.py:46} INFO - Successfully uploaded data for Hannover
[2026-05-24T09:48:09.338+0000] {models.py:43} INFO - Extracting weather data for Nuremberg
[2026-05-24T09:48:09.588+0000] {models.py:46} INFO - Successfully uploaded data for Nuremberg
[2026-05-24T09:48:09.649+0000] {models.py:43} INFO - Extracting weather data for Duisburg
[2026-05-24T09:48:09.851+0000] {models.py:46} INFO - Successfully uploaded data for Duisburg
[2026-05-24T09:48:09.898+0000] {models.py:43} INFO - Extracting weather data for Bochum
[2026-05-24T09:48:10.099+0000] {models.py:46} INFO - Successfully uploaded data for Bochum
[2026-05-24T09:48:10.148+0000] {models.py:43} INFO - Extracting weather data for Wuppertal
[2026-05-24T09:48:10.353+0000] {models.py:46} INFO - Successfully uploaded data for Wuppertal
[2026-05-24T09:48:10.404+0000] {models.py:43} INFO - Extracting weather data for Bielefeld
[2026-05-24T09:48:10.670+0000] {models.py:46} INFO - Successfully uploaded data for Bielefeld
[2026-05-24T09:48:10.722+0000] {models.py:43} INFO - Extracting weather data for Bonn
[2026-05-24T09:48:10.990+0000] {models.py:46} INFO - Successfully uploaded data for Bonn
[2026-05-24T09:48:11.049+0000] {models.py:43} INFO - Extracting weather data for Munster
[2026-05-24T09:48:11.250+0000] {models.py:46} INFO - Successfully uploaded data for Munster
[2026-05-24T09:48:11.302+0000] {models.py:43} INFO - Extracting weather data for Karlsruhe
[2026-05-24T09:48:11.503+0000] {models.py:46} INFO - Successfully uploaded data for Karlsruhe
[2026-05-24T09:48:11.555+0000] {models.py:43} INFO - Extracting weather data for Mannheim
[2026-05-24T09:48:11.759+0000] {models.py:46} INFO - Successfully uploaded data for Mannheim
[2026-05-24T09:48:11.811+0000] {models.py:43} INFO - Extracting weather data for Augsburg
[2026-05-24T09:48:12.020+0000] {models.py:46} INFO - Successfully uploaded data for Augsburg
[2026-05-24T09:48:12.073+0000] {models.py:43} INFO - Extracting weather data for Wiesbaden
[2026-05-24T09:48:12.277+0000] {models.py:46} INFO - Successfully uploaded data for Wiesbaden
[2026-05-24T09:48:12.327+0000] {models.py:43} INFO - Extracting weather data for Gelsenkirchen
[2026-05-24T09:48:12.528+0000] {models.py:46} INFO - Successfully uploaded data for Gelsenkirchen
[2026-05-24T09:48:12.588+0000] {models.py:43} INFO - Extracting weather data for Aachen
[2026-05-24T09:48:12.793+0000] {models.py:46} INFO - Successfully uploaded data for Aachen
[2026-05-24T09:48:12.849+0000] {models.py:43} INFO - Extracting weather data for Braunschweig
[2026-05-24T09:48:13.055+0000] {models.py:46} INFO - Successfully uploaded data for Braunschweig
[2026-05-24T09:48:13.107+0000] {models.py:43} INFO - Extracting weather data for Kiel
[2026-05-24T09:48:13.314+0000] {models.py:46} INFO - Successfully uploaded data for Kiel
[2026-05-24T09:48:13.365+0000] {models.py:43} INFO - Extracting weather data for Magdeburg
[2026-05-24T09:48:13.571+0000] {models.py:46} INFO - Successfully uploaded data for Magdeburg
[2026-05-24T09:48:13.623+0000] {models.py:43} INFO - Extracting weather data for Freiburg
[2026-05-24T09:48:13.826+0000] {models.py:46} INFO - Successfully uploaded data for Freiburg
[2026-05-24T09:48:13.880+0000] {models.py:43} INFO - Extracting weather data for Lubeck
[2026-05-24T09:48:14.084+0000] {models.py:46} INFO - Successfully uploaded data for Lubeck
[2026-05-24T09:48:14.134+0000] {models.py:43} INFO - Extracting weather data for Rostock
[2026-05-24T09:48:14.338+0000] {models.py:46} INFO - Successfully uploaded data for Rostock
[2026-05-24T09:48:14.393+0000] {models.py:43} INFO - Extracting weather data for Mainz
[2026-05-24T09:48:14.596+0000] {models.py:46} INFO - Successfully uploaded data for Mainz
[2026-05-24T09:48:14.661+0000] {models.py:43} INFO - Extracting weather data for Saarbrucken
[2026-05-24T09:48:14.864+0000] {models.py:46} INFO - Successfully uploaded data for Saarbrucken
[2026-05-24T09:48:14.928+0000] {models.py:43} INFO - Extracting weather data for Potsdam
[2026-05-24T09:48:15.132+0000] {models.py:46} INFO - Successfully uploaded data for Potsdam
[2026-05-24T09:48:15.188+0000] {models.py:43} INFO - Extracting weather data for Koblenz
[2026-05-24T09:48:15.391+0000] {models.py:46} INFO - Successfully uploaded data for Koblenz
[2026-05-24T09:48:15.450+0000] {models.py:43} INFO - Extracting weather data for Trier
[2026-05-24T09:48:15.653+0000] {models.py:46} INFO - Successfully uploaded data for Trier
[2026-05-24T09:48:15.709+0000] {models.py:43} INFO - Extracting weather data for Erfurt
[2026-05-24T09:48:15.913+0000] {models.py:46} INFO - Successfully uploaded data for Erfurt
[2026-05-24T09:48:15.970+0000] {models.py:43} INFO - Extracting weather data for Regensburg
[2026-05-24T09:48:16.171+0000] {models.py:46} INFO - Successfully uploaded data for Regensburg
[2026-05-24T09:48:16.725+0000] {models.py:43} INFO - Extracting weather data for Heidelberg
[2026-05-24T09:48:16.930+0000] {models.py:46} INFO - Successfully uploaded data for Heidelberg
[2026-05-24T09:48:16.930+0000] {models.py:62} INFO - Extraction process completed
[2026-05-24T09:48:23.162+0000] {models.py:102} INFO - Successfully loaded data into Athena
[2026-05-24T09:48:23.162+0000] {python.py:201} INFO - Done. Returned value was: None
[2026-05-24T09:48:23.169+0000] {taskinstance.py:1138} INFO - Marking task as SUCCESS. dag_id=weather_etl_pipeline, task_id=run_weather_pipeline, execution_date=20260524T094804, start_date=20260524T094805, end_date=20260524T094823
[2026-05-24T09:48:23.221+0000] {local_task_job_runner.py:234} INFO - Task exited with return code 0
[2026-05-24T09:48:23.231+0000] {taskinstance.py:3280} INFO - 0 downstream tasks scheduled from follow-on schedule check
