[2026-05-21T08:57:02.668+0000] {taskinstance.py:1956} INFO - Dependencies all met for dep_context=non-requeueable deps ti=<TaskInstance: weather_etl_pipeline.extract_weather_data manual__2026-05-21T08:57:01.906910+00:00 [queued]>
[2026-05-21T08:57:02.673+0000] {taskinstance.py:1956} INFO - Dependencies all met for dep_context=requeueable deps ti=<TaskInstance: weather_etl_pipeline.extract_weather_data manual__2026-05-21T08:57:01.906910+00:00 [queued]>
[2026-05-21T08:57:02.674+0000] {taskinstance.py:2170} INFO - Starting attempt 1 of 1
[2026-05-21T08:57:02.682+0000] {taskinstance.py:2191} INFO - Executing <Task(PythonOperator): extract_weather_data> on 2026-05-21 08:57:01.906910+00:00
[2026-05-21T08:57:02.686+0000] {standard_task_runner.py:60} INFO - Started process 194 to run task
[2026-05-21T08:57:02.688+0000] {standard_task_runner.py:87} INFO - Running: ['***', 'tasks', 'run', 'weather_etl_pipeline', 'extract_weather_data', 'manual__2026-05-21T08:57:01.906910+00:00', '--job-id', '33', '--raw', '--subdir', 'DAGS_FOLDER/etl_dag.py', '--cfg-path', '/tmp/tmp0dzbxe4v']
[2026-05-21T08:57:02.690+0000] {standard_task_runner.py:88} INFO - Job 33: Subtask extract_weather_data
[2026-05-21T08:57:02.717+0000] {task_command.py:423} INFO - Running <TaskInstance: weather_etl_pipeline.extract_weather_data manual__2026-05-21T08:57:01.906910+00:00 [running]> on host bd2180062a98
[2026-05-21T08:57:02.772+0000] {taskinstance.py:2480} INFO - Exporting env vars: AIRFLOW_CTX_DAG_OWNER='***' AIRFLOW_CTX_DAG_ID='weather_etl_pipeline' AIRFLOW_CTX_TASK_ID='extract_weather_data' AIRFLOW_CTX_EXECUTION_DATE='2026-05-21T08:57:01.906910+00:00' AIRFLOW_CTX_TRY_NUMBER='1' AIRFLOW_CTX_DAG_RUN_ID='manual__2026-05-21T08:57:01.906910+00:00'
[2026-05-21T08:57:02.773+0000] {models.py:22} INFO - Starting extraction process
[2026-05-21T08:57:02.789+0000] {credentials.py:1075} INFO - Found credentials from IAM Role: s3-athena-ec2
[2026-05-21T08:57:02.952+0000] {models.py:36} INFO - Extracting weather data for Berlin
[2026-05-21T08:57:03.385+0000] {models.py:39} INFO - Successfully uploaded data for Berlin
[2026-05-21T08:57:03.441+0000] {models.py:36} INFO - Extracting weather data for Hamburg
[2026-05-21T08:57:03.646+0000] {models.py:39} INFO - Successfully uploaded data for Hamburg
[2026-05-21T08:57:03.708+0000] {models.py:36} INFO - Extracting weather data for Munich
[2026-05-21T08:57:03.927+0000] {models.py:39} INFO - Successfully uploaded data for Munich
[2026-05-21T08:57:03.987+0000] {models.py:36} INFO - Extracting weather data for Cologne
[2026-05-21T08:57:04.188+0000] {models.py:39} INFO - Successfully uploaded data for Cologne
[2026-05-21T08:57:04.238+0000] {models.py:36} INFO - Extracting weather data for Frankfurt
[2026-05-21T08:57:04.445+0000] {models.py:39} INFO - Successfully uploaded data for Frankfurt
[2026-05-21T08:57:04.508+0000] {models.py:36} INFO - Extracting weather data for Stuttgart
[2026-05-21T08:57:04.713+0000] {models.py:39} INFO - Successfully uploaded data for Stuttgart
[2026-05-21T08:57:04.774+0000] {models.py:36} INFO - Extracting weather data for Dusseldorf
[2026-05-21T08:57:04.991+0000] {models.py:39} INFO - Successfully uploaded data for Dusseldorf
[2026-05-21T08:57:05.047+0000] {models.py:36} INFO - Extracting weather data for Leipzig
[2026-05-21T08:57:05.256+0000] {models.py:39} INFO - Successfully uploaded data for Leipzig
[2026-05-21T08:57:05.330+0000] {models.py:36} INFO - Extracting weather data for Dortmund
[2026-05-21T08:57:05.536+0000] {models.py:39} INFO - Successfully uploaded data for Dortmund
[2026-05-21T08:57:05.591+0000] {models.py:36} INFO - Extracting weather data for Essen
[2026-05-21T08:57:05.793+0000] {models.py:39} INFO - Successfully uploaded data for Essen
[2026-05-21T08:57:05.847+0000] {models.py:36} INFO - Extracting weather data for Bremen
[2026-05-21T08:57:06.048+0000] {models.py:39} INFO - Successfully uploaded data for Bremen
[2026-05-21T08:57:06.098+0000] {models.py:36} INFO - Extracting weather data for Dresden
[2026-05-21T08:57:06.302+0000] {models.py:39} INFO - Successfully uploaded data for Dresden
[2026-05-21T08:57:06.357+0000] {models.py:36} INFO - Extracting weather data for Hannover
[2026-05-21T08:57:06.562+0000] {models.py:39} INFO - Successfully uploaded data for Hannover
[2026-05-21T08:57:06.612+0000] {models.py:36} INFO - Extracting weather data for Nuremberg
[2026-05-21T08:57:06.814+0000] {models.py:39} INFO - Successfully uploaded data for Nuremberg
[2026-05-21T08:57:06.869+0000] {models.py:36} INFO - Extracting weather data for Duisburg
[2026-05-21T08:57:07.072+0000] {models.py:39} INFO - Successfully uploaded data for Duisburg
[2026-05-21T08:57:07.124+0000] {models.py:36} INFO - Extracting weather data for Bochum
[2026-05-21T08:57:07.330+0000] {models.py:39} INFO - Successfully uploaded data for Bochum
[2026-05-21T08:57:07.390+0000] {models.py:36} INFO - Extracting weather data for Wuppertal
[2026-05-21T08:57:07.593+0000] {models.py:39} INFO - Successfully uploaded data for Wuppertal
[2026-05-21T08:57:07.646+0000] {models.py:36} INFO - Extracting weather data for Bielefeld
[2026-05-21T08:57:07.853+0000] {models.py:39} INFO - Successfully uploaded data for Bielefeld
[2026-05-21T08:57:07.914+0000] {models.py:36} INFO - Extracting weather data for Bonn
[2026-05-21T08:57:08.119+0000] {models.py:39} INFO - Successfully uploaded data for Bonn
[2026-05-21T08:57:08.185+0000] {models.py:36} INFO - Extracting weather data for Munster
[2026-05-21T08:57:08.394+0000] {models.py:39} INFO - Successfully uploaded data for Munster
[2026-05-21T08:57:08.453+0000] {models.py:36} INFO - Extracting weather data for Karlsruhe
[2026-05-21T08:57:08.674+0000] {models.py:39} INFO - Successfully uploaded data for Karlsruhe
[2026-05-21T08:57:08.742+0000] {models.py:36} INFO - Extracting weather data for Mannheim
[2026-05-21T08:57:08.944+0000] {models.py:39} INFO - Successfully uploaded data for Mannheim
[2026-05-21T08:57:09.004+0000] {models.py:36} INFO - Extracting weather data for Augsburg
[2026-05-21T08:57:09.206+0000] {models.py:39} INFO - Successfully uploaded data for Augsburg
[2026-05-21T08:57:09.269+0000] {models.py:36} INFO - Extracting weather data for Wiesbaden
[2026-05-21T08:57:09.476+0000] {models.py:39} INFO - Successfully uploaded data for Wiesbaden
[2026-05-21T08:57:09.534+0000] {models.py:36} INFO - Extracting weather data for Gelsenkirchen
[2026-05-21T08:57:09.739+0000] {models.py:39} INFO - Successfully uploaded data for Gelsenkirchen
[2026-05-21T08:57:09.826+0000] {models.py:36} INFO - Extracting weather data for Aachen
[2026-05-21T08:57:10.033+0000] {models.py:39} INFO - Successfully uploaded data for Aachen
[2026-05-21T08:57:10.088+0000] {models.py:36} INFO - Extracting weather data for Braunschweig
[2026-05-21T08:57:10.295+0000] {models.py:39} INFO - Successfully uploaded data for Braunschweig
[2026-05-21T08:57:10.356+0000] {models.py:36} INFO - Extracting weather data for Kiel
[2026-05-21T08:57:10.561+0000] {models.py:39} INFO - Successfully uploaded data for Kiel
[2026-05-21T08:57:10.619+0000] {models.py:36} INFO - Extracting weather data for Magdeburg
[2026-05-21T08:57:10.825+0000] {models.py:39} INFO - Successfully uploaded data for Magdeburg
[2026-05-21T08:57:10.885+0000] {models.py:36} INFO - Extracting weather data for Freiburg
[2026-05-21T08:57:11.091+0000] {models.py:39} INFO - Successfully uploaded data for Freiburg
[2026-05-21T08:57:11.146+0000] {models.py:36} INFO - Extracting weather data for Lubeck
[2026-05-21T08:57:11.356+0000] {models.py:39} INFO - Successfully uploaded data for Lubeck
[2026-05-21T08:57:11.413+0000] {models.py:36} INFO - Extracting weather data for Rostock
[2026-05-21T08:57:11.620+0000] {models.py:39} INFO - Successfully uploaded data for Rostock
[2026-05-21T08:57:11.678+0000] {models.py:36} INFO - Extracting weather data for Mainz
[2026-05-21T08:57:11.881+0000] {models.py:39} INFO - Successfully uploaded data for Mainz
[2026-05-21T08:57:11.941+0000] {models.py:36} INFO - Extracting weather data for Saarbrucken
[2026-05-21T08:57:12.146+0000] {models.py:39} INFO - Successfully uploaded data for Saarbrucken
[2026-05-21T08:57:12.199+0000] {models.py:36} INFO - Extracting weather data for Potsdam
[2026-05-21T08:57:12.401+0000] {models.py:39} INFO - Successfully uploaded data for Potsdam
[2026-05-21T08:57:12.466+0000] {models.py:36} INFO - Extracting weather data for Koblenz
[2026-05-21T08:57:12.677+0000] {models.py:39} INFO - Successfully uploaded data for Koblenz
[2026-05-21T08:57:12.730+0000] {models.py:36} INFO - Extracting weather data for Trier
[2026-05-21T08:57:12.967+0000] {models.py:39} INFO - Successfully uploaded data for Trier
[2026-05-21T08:57:13.024+0000] {models.py:36} INFO - Extracting weather data for Erfurt
[2026-05-21T08:57:13.229+0000] {models.py:39} INFO - Successfully uploaded data for Erfurt
[2026-05-21T08:57:13.293+0000] {models.py:36} INFO - Extracting weather data for Regensburg
[2026-05-21T08:57:13.497+0000] {models.py:39} INFO - Successfully uploaded data for Regensburg
[2026-05-21T08:57:14.055+0000] {models.py:36} INFO - Extracting weather data for Heidelberg
[2026-05-21T08:57:14.259+0000] {models.py:39} INFO - Successfully uploaded data for Heidelberg
[2026-05-21T08:57:14.260+0000] {models.py:55} INFO - Extraction process completed
[2026-05-21T08:57:14.262+0000] {python.py:201} INFO - Done. Returned value was: None
[2026-05-21T08:57:14.269+0000] {taskinstance.py:1138} INFO - Marking task as SUCCESS. dag_id=weather_etl_pipeline, task_id=extract_weather_data, execution_date=20260521T085701, start_date=20260521T085702, end_date=20260521T085714
[2026-05-21T08:57:14.314+0000] {local_task_job_runner.py:234} INFO - Task exited with return code 0
[2026-05-21T08:57:14.337+0000] {taskinstance.py:3280} INFO - 0 downstream tasks scheduled from follow-on schedule check
