[2026-05-21T10:06:03.236+0000] {taskinstance.py:1956} INFO - Dependencies all met for dep_context=non-requeueable deps ti=<TaskInstance: weather_etl_pipeline.load_weather_data manual__2026-05-21T10:05:53.823767+00:00 [queued]>
[2026-05-21T10:06:03.242+0000] {taskinstance.py:1956} INFO - Dependencies all met for dep_context=requeueable deps ti=<TaskInstance: weather_etl_pipeline.load_weather_data manual__2026-05-21T10:05:53.823767+00:00 [queued]>
[2026-05-21T10:06:03.242+0000] {taskinstance.py:2170} INFO - Starting attempt 1 of 1
[2026-05-21T10:06:03.251+0000] {taskinstance.py:2191} INFO - Executing <Task(PythonOperator): load_weather_data> on 2026-05-21 10:05:53.823767+00:00
[2026-05-21T10:06:03.256+0000] {standard_task_runner.py:60} INFO - Started process 202 to run task
[2026-05-21T10:06:03.258+0000] {standard_task_runner.py:87} INFO - Running: ['***', 'tasks', 'run', 'weather_etl_pipeline', 'load_weather_data', 'manual__2026-05-21T10:05:53.823767+00:00', '--job-id', '48', '--raw', '--subdir', 'DAGS_FOLDER/etl_dag.py', '--cfg-path', '/tmp/tmp9918dqi8']
[2026-05-21T10:06:03.259+0000] {standard_task_runner.py:88} INFO - Job 48: Subtask load_weather_data
[2026-05-21T10:06:03.287+0000] {task_command.py:423} INFO - Running <TaskInstance: weather_etl_pipeline.load_weather_data manual__2026-05-21T10:05:53.823767+00:00 [running]> on host 6abfb3d8bf34
[2026-05-21T10:06:03.334+0000] {taskinstance.py:2480} INFO - Exporting env vars: AIRFLOW_CTX_DAG_OWNER='***' AIRFLOW_CTX_DAG_ID='weather_etl_pipeline' AIRFLOW_CTX_TASK_ID='load_weather_data' AIRFLOW_CTX_EXECUTION_DATE='2026-05-21T10:05:53.823767+00:00' AIRFLOW_CTX_TRY_NUMBER='1' AIRFLOW_CTX_DAG_RUN_ID='manual__2026-05-21T10:05:53.823767+00:00'
[2026-05-21T10:06:03.421+0000] {credentials.py:550} INFO - Found credentials from IAM Role: s3-athena-ec2
[2026-05-21T10:06:05.090+0000] {credentials.py:1075} INFO - Found credentials from IAM Role: s3-athena-ec2
[2026-05-21T10:06:05.537+0000] {models.py:127} INFO - Running query: 1e1e5e7b-8458-4b05-bed6-05be041809c1
[2026-05-21T10:06:05.643+0000] {models.py:156} INFO - Query still running...
[2026-05-21T10:06:07.753+0000] {models.py:142} INFO - Query succeeded
[2026-05-21T10:06:07.912+0000] {models.py:127} INFO - Running query: 22d3bbe2-6bb7-4d4b-9cae-c2ba67fa6d2d
[2026-05-21T10:06:08.017+0000] {models.py:156} INFO - Query still running...
[2026-05-21T10:06:10.125+0000] {models.py:142} INFO - Query succeeded
[2026-05-21T10:06:10.288+0000] {models.py:127} INFO - Running query: d44c72f5-6a3b-43ca-a6aa-fa0b29edff31
[2026-05-21T10:06:10.394+0000] {models.py:156} INFO - Query still running...
[2026-05-21T10:06:12.501+0000] {models.py:142} INFO - Query succeeded
[2026-05-21T10:06:12.501+0000] {models.py:159} INFO - Successfully loaded data into Athena
[2026-05-21T10:06:12.502+0000] {python.py:201} INFO - Done. Returned value was: None
[2026-05-21T10:06:12.509+0000] {taskinstance.py:1138} INFO - Marking task as SUCCESS. dag_id=weather_etl_pipeline, task_id=load_weather_data, execution_date=20260521T100553, start_date=20260521T100603, end_date=20260521T100612
[2026-05-21T10:06:12.534+0000] {local_task_job_runner.py:234} INFO - Task exited with return code 0
[2026-05-21T10:06:12.543+0000] {taskinstance.py:3280} INFO - 0 downstream tasks scheduled from follow-on schedule check
